<?xml version="1.0" encoding="UTF-8" ?>
<testsuite tests="4" failures="0" name="br.ce.wcaquino.servicos.CalculadoraTest" time="0.041" errors="0" skipped="0">
  <properties>
[...]
</properties>
  <testcase classname="br.ce.wcaquino.servicos.CalculadoraTest" name="deveDivdirDoisValores" time="0.01"/>
  <testcase classname="br.ce.wcaquino.servicos.CalculadoraTest" name="deveSubtrairDoisValores" time="0.01"/>
  <testcase classname="br.ce.wcaquino.servicos.CalculadoraTest" name="dividirPorZero" time="0.01"/>
  <testcase classname="br.ce.wcaquino.servicos.CalculadoraTest" name="deveSomarDoisValores" time="0.011"/>
</testsuite>